<?xml version="1.0" encoding="UTF-8"?>
<!-- Generated by org.testng.reporters.JUnitReportReporter -->
<testsuite hostname="MayankHP" failures="0" tests="6" name="demo1.ParameterExample" time="0.004" errors="0" timestamp="2022-05-07T20:13:27 EDT" skipped="0">
  <testcase classname="demo1.ParameterExample" name="testDataProvider" time="0.001"/>
  <system-out/>
  <testcase classname="demo1.ParameterExample" name="testDataProvider" time="0.000"/>
  <system-out/>
  <testcase classname="demo1.ParameterExample" name="paramTest" time="0.001"/>
  <system-out/>
  <testcase classname="demo1.ParameterExample" name="testDataProvider" time="0.001"/>
  <system-out/>
  <testcase classname="demo1.ParameterExample" name="testDataProvider" time="0.000"/>
  <system-out/>
  <testcase classname="demo1.ParameterExample" name="testDataProvider" time="0.001"/>
  <system-out/>
</testsuite> <!-- demo1.ParameterExample -->
