<?xml version="1.0" encoding="UTF-8"?>
<!-- Generated by org.testng.reporters.JUnitReportReporter -->
<testsuite hostname="MayankHP" failures="0" tests="1" name="demo4.JunitToTestNGExample" time="0.015" errors="0" timestamp="2022-05-07T20:13:27 EDT" skipped="0">
  <testcase classname="demo4.JunitToTestNGExample" name="testJunittoTestNg" time="0.015"/>
  <system-out/>
</testsuite> <!-- demo4.JunitToTestNGExample -->
