<?xml version="1.0" encoding="UTF-8"?>
<!-- Generated by org.testng.reporters.JUnitReportReporter -->
<testsuite hostname="MayankHP" failures="0" tests="2" name="demo1.InvocationCountExample" time="0.002" errors="0" timestamp="2022-05-07T20:13:27 EDT" skipped="0">
  <testcase classname="demo1.InvocationCountExample" name="msgPrint" time="0.001"/>
  <system-out/>
  <testcase classname="demo1.InvocationCountExample" name="msgPrint" time="0.001"/>
  <system-out/>
</testsuite> <!-- demo1.InvocationCountExample -->
