<?xml version="1.0" encoding="UTF-8"?>
<!-- Generated by org.testng.reporters.JUnitReportReporter -->
<testsuite hostname="MayankHP" failures="0" tests="2" name="demo1.BeforeAfterExample" time="0.011" errors="0" timestamp="2022-05-07T20:13:27 EDT" skipped="0">
  <testcase classname="demo1.BeforeAfterExample" name="testC1M2" time="0.002"/>
  <system-out/>
  <testcase classname="demo1.BeforeAfterExample" name="testC1M1" time="0.009"/>
  <system-out/>
</testsuite> <!-- demo1.BeforeAfterExample -->
