<?xml version="1.0" encoding="UTF-8"?>
<!-- Generated by org.testng.reporters.JUnitReportReporter -->
<testsuite hostname="MayankHP" failures="0" tests="1" name="demo2.GroupTestExample" time="0.001" errors="0" timestamp="2022-05-07T20:13:27 EDT" skipped="0">
  <testcase classname="demo2.GroupTestExample" name="testGrpTest2" time="0.001"/>
  <system-out/>
</testsuite> <!-- demo2.GroupTestExample -->
