<?xml version="1.0" encoding="UTF-8"?>
<!-- Generated by org.testng.reporters.JUnitReportReporter -->
<testsuite hostname="MayankHP" failures="0" tests="1" name="demo1.SoftAssertExample" time="0.003" errors="0" timestamp="2022-05-07T20:13:27 EDT" skipped="0">
  <testcase classname="demo1.SoftAssertExample" name="testSoftAssert" time="0.003"/>
  <system-out/>
</testsuite> <!-- demo1.SoftAssertExample -->
